Determining if the pthread_create exist failed with the following output:
Change Dir: /home/sisun/CLionProjects/untitled/cmake-build-debug/CMakeFiles/CMakeTmp

Run Build Command:"/usr/bin/make" "cmTC_d9cee/fast"
/usr/bin/make -f CMakeFiles/cmTC_d9cee.dir/build.make CMakeFiles/cmTC_d9cee.dir/build
make[1]: 디렉터리 '/home/sisun/CLionProjects/untitled/cmake-build-debug/CMakeFiles/CMakeTmp' 들어감
Building C object CMakeFiles/cmTC_d9cee.dir/CheckSymbolExists.c.o
/usr/bin/cc     -o CMakeFiles/cmTC_d9cee.dir/CheckSymbolExists.c.o   -c /home/sisun/CLionProjects/untitled/cmake-build-debug/CMakeFiles/CMakeTmp/CheckSymbolExists.c
Linking C executable cmTC_d9cee
/home/sisun/Desktop/clion/bin/cmake/bin/cmake -E cmake_link_script CMakeFiles/cmTC_d9cee.dir/link.txt --verbose=1
/usr/bin/cc       CMakeFiles/cmTC_d9cee.dir/CheckSymbolExists.c.o  -o cmTC_d9cee 
CMakeFiles/cmTC_d9cee.dir/CheckSymbolExists.c.o: In function `main':
CheckSymbolExists.c:(.text+0x16): undefined reference to `pthread_create'
collect2: error: ld returned 1 exit status
CMakeFiles/cmTC_d9cee.dir/build.make:97: 'cmTC_d9cee' 타겟에 대한 명령이 실패했습니다
make[1]: *** [cmTC_d9cee] 오류 1
make[1]: 디렉터리 '/home/sisun/CLionProjects/untitled/cmake-build-debug/CMakeFiles/CMakeTmp' 나감
Makefile:126: 'cmTC_d9cee/fast' 타겟에 대한 명령이 실패했습니다
make: *** [cmTC_d9cee/fast] 오류 2

File /home/sisun/CLionProjects/untitled/cmake-build-debug/CMakeFiles/CMakeTmp/CheckSymbolExists.c:
/* */
#include <pthread.h>

int main(int argc, char** argv)
{
  (void)argv;
#ifndef pthread_create
  return ((int*)(&pthread_create))[argc];
#else
  (void)argc;
  return 0;
#endif
}

Determining if the function pthread_create exists in the pthreads failed with the following output:
Change Dir: /home/sisun/CLionProjects/untitled/cmake-build-debug/CMakeFiles/CMakeTmp

Run Build Command:"/usr/bin/make" "cmTC_0aa6d/fast"
/usr/bin/make -f CMakeFiles/cmTC_0aa6d.dir/build.make CMakeFiles/cmTC_0aa6d.dir/build
make[1]: 디렉터리 '/home/sisun/CLionProjects/untitled/cmake-build-debug/CMakeFiles/CMakeTmp' 들어감
Building C object CMakeFiles/cmTC_0aa6d.dir/CheckFunctionExists.c.o
/usr/bin/cc    -DCHECK_FUNCTION_EXISTS=pthread_create   -o CMakeFiles/cmTC_0aa6d.dir/CheckFunctionExists.c.o   -c /home/sisun/Desktop/clion/bin/cmake/share/cmake-3.7/Modules/CheckFunctionExists.c
Linking C executable cmTC_0aa6d
/home/sisun/Desktop/clion/bin/cmake/bin/cmake -E cmake_link_script CMakeFiles/cmTC_0aa6d.dir/link.txt --verbose=1
/usr/bin/cc   -DCHECK_FUNCTION_EXISTS=pthread_create    CMakeFiles/cmTC_0aa6d.dir/CheckFunctionExists.c.o  -o cmTC_0aa6d -lpthreads 
/usr/bin/ld: cannot find -lpthreads
collect2: error: ld returned 1 exit status
CMakeFiles/cmTC_0aa6d.dir/build.make:97: 'cmTC_0aa6d' 타겟에 대한 명령이 실패했습니다
make[1]: *** [cmTC_0aa6d] 오류 1
make[1]: 디렉터리 '/home/sisun/CLionProjects/untitled/cmake-build-debug/CMakeFiles/CMakeTmp' 나감
Makefile:126: 'cmTC_0aa6d/fast' 타겟에 대한 명령이 실패했습니다
make: *** [cmTC_0aa6d/fast] 오류 2


